# JRE version: Java(TM) SE Runtime Environment (17.0.12+8) (build 17.0.12+8-LTS-286)
# Java VM: Java HotSpot(TM) 64-Bit Server VM (17.0.12+8-LTS-286, mixed mode, sharing, tiered, compressed oops, compressed class ptrs, g1 gc, windows-amd64)
GC Precious Log:
 CPUs: 4 total, 4 available
 Memory: 8107M
 Large Page Support: Disabled
 NUMA Support: Disabled
 Compressed Oops: Enabled (32-bit)
 Heap Region Size: 1M
 Heap Min Capacity: 256M
 Heap Initial Capacity: 256M
 Heap Max Capacity: 512M
 Pre-touch: Disabled
 Parallel Workers: 4
 Concurrent Workers: 1
 Concurrent Refinement Workers: 4
 Periodic GC: Disabled
Heap:
 garbage-first heap   total 262144K, used 42967K [0x00000000e0000000, 0x0000000100000000)
  region size 1024K, 15 young (15360K), 2 survivors (2048K)
 Metaspace       used 34226K, committed 34560K, reserved 393216K
  class space    used 4703K, committed 4864K, reserved 327680K
GC Heap History (12 events):
Event: 38.200 GC heap before
{Heap before GC invocations=0 (full 0):
 garbage-first heap   total 262144K, used 13312K [0x00000000e0000000, 0x0000000100000000)
  region size 1024K, 13 young (13312K), 0 survivors (0K)
 Metaspace       used 802K, committed 896K, reserved 393216K
  class space    used 66K, committed 128K, reserved 327680K
}
Event: 38.612 GC heap after
{Heap after GC invocations=1 (full 0):
 garbage-first heap   total 262144K, used 1352K [0x00000000e0000000, 0x0000000100000000)
  region size 1024K, 2 young (2048K), 2 survivors (2048K)
 Metaspace       used 802K, committed 896K, reserved 393216K
  class space    used 66K, committed 128K, reserved 327680K
}
Event: 73.888 GC heap before
{Heap before GC invocations=1 (full 0):
 garbage-first heap   total 262144K, used 22856K [0x00000000e0000000, 0x0000000100000000)
  region size 1024K, 20 young (20480K), 2 survivors (2048K)
 Metaspace       used 1929K, committed 2112K, reserved 393216K
  class space    used 185K, committed 256K, reserved 327680K
}
Event: 73.892 GC heap after
{Heap after GC invocations=2 (full 0):
 garbage-first heap   total 262144K, used 10095K [0x00000000e0000000, 0x0000000100000000)
  region size 1024K, 3 young (3072K), 3 survivors (3072K)
 Metaspace       used 1929K, committed 2112K, reserved 393216K
  class space    used 185K, committed 256K, reserved 327680K
}
Event: 260.329 GC heap before
{Heap before GC invocations=2 (full 0):
 garbage-first heap   total 262144K, used 165743K [0x00000000e0000000, 0x0000000100000000)
  region size 1024K, 153 young (156672K), 3 survivors (3072K)
 Metaspace       used 18306K, committed 18560K, reserved 393216K
  class space    used 2624K, committed 2752K, reserved 327680K
}
Event: 260.513 GC heap after
{Heap after GC invocations=3 (full 0):
 garbage-first heap   total 262144K, used 22018K [0x00000000e0000000, 0x0000000100000000)
  region size 1024K, 14 young (14336K), 14 survivors (14336K)
 Metaspace       used 18306K, committed 18560K, reserved 393216K
  class space    used 2624K, committed 2752K, reserved 327680K
}
Event: 295.595 GC heap before
{Heap before GC invocations=3 (full 0):
 garbage-first heap   total 262144K, used 49666K [0x00000000e0000000, 0x0000000100000000)
  region size 1024K, 42 young (43008K), 14 survivors (14336K)
 Metaspace       used 21132K, committed 21504K, reserved 393216K
  class space    used 3059K, committed 3264K, reserved 327680K
}
Event: 295.639 GC heap after
{Heap after GC invocations=4 (full 0):
 garbage-first heap   total 262144K, used 24254K [0x00000000e0000000, 0x0000000100000000)
  region size 1024K, 3 young (3072K), 3 survivors (3072K)
 Metaspace       used 21132K, committed 21504K, reserved 393216K
  class space    used 3059K, committed 3264K, reserved 327680K
}
Event: 378.781 GC heap before
{Heap before GC invocations=5 (full 0):
 garbage-first heap   total 262144K, used 121534K [0x00000000e0000000, 0x0000000100000000)
  region size 1024K, 94 young (96256K), 3 survivors (3072K)
 Metaspace       used 32963K, committed 33408K, reserved 393216K
  class space    used 4523K, committed 4736K, reserved 327680K
}
Event: 378.890 GC heap after
{Heap after GC invocations=6 (full 0):
 garbage-first heap   total 262144K, used 30475K [0x00000000e0000000, 0x0000000100000000)
  region size 1024K, 9 young (9216K), 9 survivors (9216K)
 Metaspace       used 32963K, committed 33408K, reserved 393216K
  class space    used 4523K, committed 4736K, reserved 327680K
}
Event: 395.308 GC heap before
{Heap before GC invocations=6 (full 0):
 garbage-first heap   total 262144K, used 33547K [0x00000000e0000000, 0x0000000100000000)
  region size 1024K, 12 young (12288K), 9 survivors (9216K)
 Metaspace       used 33131K, committed 33536K, reserved 393216K
  class space    used 4540K, committed 4736K, reserved 327680K
}
Event: 395.359 GC heap after
{Heap after GC invocations=7 (full 0):
 garbage-first heap   total 262144K, used 30679K [0x00000000e0000000, 0x0000000100000000)
  region size 1024K, 2 young (2048K), 2 survivors (2048K)
 Metaspace       used 33131K, committed 33536K, reserved 393216K
  class space    used 4540K, committed 4736K, reserved 327680K
}

